<?xml version="1.0" encoding="UTF-8"?>
<!-- Generated by org.testng.reporters.JUnitXMLReporter -->
<testsuite ignored="4" hostname="Sherins-MacBook-Pro.local" failures="0" tests="1" name="Default test" time="16.668" errors="0" timestamp="2023-08-09T23:18:47 PDT">
  <testcase classname="com.training.testcases.OpportunityTest" name="quaterlySummaryReport" time="12.646"/>
  <testcase classname="com.training.testcases.OpportunityTest" name="opportunityPipelineReport" time="0.0">
    <ignored/>
  </testcase> <!-- opportunityPipelineReport -->
  <testcase classname="com.training.testcases.OpportunityTest" name="newOpportunity" time="0.0">
    <ignored/>
  </testcase> <!-- newOpportunity -->
  <testcase classname="com.training.testcases.OpportunityTest" name="stuckOpportunityReport" time="0.0">
    <ignored/>
  </testcase> <!-- stuckOpportunityReport -->
  <testcase classname="com.training.testcases.OpportunityTest" name="opportunityDropdown" time="0.0">
    <ignored/>
  </testcase> <!-- opportunityDropdown -->
</testsuite> <!-- Default test -->
