<?xml version="1.0" encoding="UTF-8"?>
<!-- Generated by org.testng.reporters.JUnitXMLReporter -->
<testsuite ignored="0" hostname="Sherins-MacBook-Pro.local" failures="0" tests="5" name="Login" time="101.397" errors="0" timestamp="2023-08-09T23:22:44 PDT">
  <testcase classname="com.training.testcases.LeadsTest" name="createNewLead" time="14.694"/>
  <testcase classname="com.training.testcases.LeadsTest" name="defaultView" time="36.338"/>
  <testcase classname="com.training.testcases.LeadsTest" name="leadsSelectView" time="12.038"/>
  <testcase classname="com.training.testcases.LeadsTest" name="testLeadsTab" time="11.715"/>
  <testcase classname="com.training.testcases.LeadsTest" name="todaysLead" time="12.172"/>
</testsuite> <!-- Login -->
